<?xml version="1.0" encoding="UTF-8" ?>
<testsuite tests="7" failures="0" name="ru.nivanov.start.BoardTest" time="0.092" errors="0" skipped="0">
  <properties>
[...]
</properties>
  <testcase classname="ru.nivanov.start.BoardTest" name="whenImpossibleMoveThenReturnOk" time="0.087"/>
  <testcase classname="ru.nivanov.start.BoardTest" name="whenFigureNotFoundThenReturnOk" time="0.001"/>
  <testcase classname="ru.nivanov.start.BoardTest" name="whenCompareCellsCorrectThenReturnOk" time="0.001"/>
  <testcase classname="ru.nivanov.start.BoardTest" name="whenOccupiedWayThenReturnOk" time="0.002"/>
  <testcase classname="ru.nivanov.start.BoardTest" name="whenMoveCorrectThenReturnOk" time="0.001"/>
  <testcase classname="ru.nivanov.start.BoardTest" name="whenWayCorrectThenReturnOk" time="0"/>
  <testcase classname="ru.nivanov.start.BoardTest" name="whenCheckWayCorrectThenReturnOk" time="0"/>
</testsuite>